{"/Users/admin/Documents/GitHub/react-sf-themes/src/index.tsx": {"path":"/Users/admin/Documents/GitHub/react-sf-themes/src/index.tsx","statementMap":{"0":{"start":{"line":5,"column":2},"end":{"line":22,"column":3}},"1":{"start":{"line":26,"column":2},"end":{"line":35,"column":3}},"2":{"start":{"line":39,"column":2},"end":{"line":42,"column":3}},"3":{"start":{"line":44,"column":2},"end":{"line":44,"column":60}},"4":{"start":{"line":48,"column":24},"end":{"line":50,"column":1}}},"fnMap":{"0":{"name":"getTheme","decl":{"start":{"line":1,"column":9},"end":{"line":1,"column":17}},"loc":{"start":{"line":1,"column":20},"end":{"line":46,"column":1}},"line":1}},"branchMap":{},"s":{"0":1,"1":1,"2":1,"3":1,"4":1},"f":{"0":1},"b":{},"_coverageSchema":"43e27e138ebf9cfc5966b082cf9a028302ed4184","hash":"2510887ce4a84fb6ad37050e2b6d23d36ab614ea"}
}
