{"/Users/admin/Documents/GitHub/react-sf-themes/src/index.tsx": {"path":"/Users/admin/Documents/GitHub/react-sf-themes/src/index.tsx","statementMap":{"0":{"start":{"line":5,"column":2},"end":{"line":22,"column":3}},"1":{"start":{"line":26,"column":2},"end":{"line":34,"column":3}},"2":{"start":{"line":36,"column":2},"end":{"line":36,"column":44}},"3":{"start":{"line":40,"column":24},"end":{"line":42,"column":1}}},"fnMap":{"0":{"name":"getTheme","decl":{"start":{"line":1,"column":9},"end":{"line":1,"column":17}},"loc":{"start":{"line":1,"column":20},"end":{"line":38,"column":1}},"line":1}},"branchMap":{},"s":{"0":1,"1":1,"2":1,"3":1},"f":{"0":1},"b":{},"_coverageSchema":"43e27e138ebf9cfc5966b082cf9a028302ed4184","hash":"c22c389e06013375f8217aa6e771a8b47d4ee858"}
}
